<?xml version="1.0" encoding="UTF-8"?>
<testng-results ignored="0" total="1" passed="1" failed="0" skipped="0">
  <reporter-output>
  </reporter-output>
  <suite started-at="2024-04-05T20:26:20 IST" name="Default suite" finished-at="2024-04-05T20:26:27 IST" duration-ms="6984">
    <groups>
    </groups>
    <test started-at="2024-04-05T20:26:20 IST" name="Default test" finished-at="2024-04-05T20:26:27 IST" duration-ms="6984">
      <class name="testpkg.sourcelogintest">
        <test-method is-config="true" signature="setup()[pri:0, instance:testpkg.sourcelogintest@3646a422]" started-at="2024-04-05T20:26:20 IST" name="setup" finished-at="2024-04-05T20:26:23 IST" duration-ms="2975" status="PASS">
          <reporter-output>
          </reporter-output>
        </test-method> <!-- setup -->
        <test-method signature="verifyloginwithvalidcred()[pri:0, instance:testpkg.sourcelogintest@3646a422]" started-at="2024-04-05T20:26:23 IST" name="verifyloginwithvalidcred" finished-at="2024-04-05T20:26:27 IST" duration-ms="3960" status="PASS">
          <reporter-output>
          </reporter-output>
        </test-method> <!-- verifyloginwithvalidcred -->
      </class> <!-- testpkg.sourcelogintest -->
    </test> <!-- Default test -->
  </suite> <!-- Default suite -->
</testng-results>
